<?xml version="1.0" encoding="UTF-8"?>
<!-- Generated by org.testng.reporters.JUnitReportReporter -->
<testsuite hostname="LAPTOP-54CGIQF6" failures="0" tests="1" name="vtigerFinalScripts.CreateAndDuplicateLeadTest" time="55.271" errors="0" timestamp="2023-08-25T07:48:36 GMT-07:00" skipped="0">
  <testcase classname="vtigerFinalScripts.CreateAndDuplicateLeadTest" name="createLeadTest" time="55.271"/>
</testsuite> <!-- vtigerFinalScripts.CreateAndDuplicateLeadTest -->
