<?xml version="1.0" encoding="UTF-8"?>
<!-- Generated by org.testng.reporters.JUnitReportReporter -->
<testsuite hostname="LAPTOP-54CGIQF6" failures="0" tests="2" name="myOwnPackage.Dataprovider1" time="31.787" errors="0" timestamp="2023-08-21T02:26:28 GMT-07:00" skipped="0">
  <testcase classname="myOwnPackage.Dataprovider1" name="login" time="20.094"/>
  <testcase classname="myOwnPackage.Dataprovider1" name="login" time="11.693"/>
</testsuite> <!-- myOwnPackage.Dataprovider1 -->
