<?xml version="1.0" encoding="UTF-8"?>
<!-- Generated by org.testng.reporters.JUnitReportReporter -->
<testsuite hostname="LAPTOP-54CGIQF6" failures="0" tests="1" name="vtigerFinalScripts.CreateLeadTest" time="29.858" errors="0" timestamp="2023-08-24T22:01:00 GMT-07:00" skipped="0">
  <testcase classname="vtigerFinalScripts.CreateLeadTest" name="createLeadTest" time="29.858"/>
</testsuite> <!-- vtigerFinalScripts.CreateLeadTest -->
