<?xml version="1.0" encoding="UTF-8"?>
<!-- Generated by org.testng.reporters.JUnitReportReporter -->
<testsuite hostname="LAPTOP-54CGIQF6" failures="0" tests="1" name="vtigerFinalScripts.CreateOrganizationTest" time="21.963" errors="0" timestamp="2023-08-23T03:00:44 GMT-07:00" skipped="0">
  <testcase classname="vtigerFinalScripts.CreateOrganizationTest" name="createOrgTest" time="21.963"/>
</testsuite> <!-- vtigerFinalScripts.CreateOrganizationTest -->
