<?xml version="1.0" encoding="UTF-8"?>
<!-- Generated by org.testng.reporters.JUnitReportReporter -->
<testsuite hostname="LAPTOP-54CGIQF6" failures="0" tests="2" name="groupExecution.Test1" time="0.010" errors="0" timestamp="2023-08-17T20:59:21 GMT-07:00" skipped="0">
  <testcase classname="groupExecution.Test1" name="demo2" time="0.005"/>
  <testcase classname="groupExecution.Test1" name="demo3" time="0.005"/>
</testsuite> <!-- groupExecution.Test1 -->
