<?xml version="1.0" encoding="UTF-8"?>
<!-- Generated by org.testng.reporters.JUnitReportReporter -->
<testsuite hostname="LAPTOP-54CGIQF6" failures="0" tests="1" name="vtigerFinalScripts.CreateContactWithOrgTest" time="32.415" errors="0" timestamp="2023-08-23T21:07:09 GMT-07:00" skipped="0">
  <testcase classname="vtigerFinalScripts.CreateContactWithOrgTest" name="createContactWithOrgTest" time="32.415"/>
</testsuite> <!-- vtigerFinalScripts.CreateContactWithOrgTest -->
