<?xml version="1.0" encoding="UTF-8"?>
<!-- Generated by org.testng.reporters.JUnitReportReporter -->
<testsuite hostname="LAPTOP-54CGIQF6" failures="0" tests="1" name="annotations.TestClass" time="0.013" errors="0" timestamp="2023-08-20T07:40:02 GMT-07:00" skipped="0">
  <testcase classname="annotations.TestClass" name="test" time="0.013"/>
</testsuite> <!-- annotations.TestClass -->
