<?xml version="1.0" encoding="UTF-8"?>
<!-- Generated by org.testng.reporters.JUnitReportReporter -->
<testsuite hostname="LAPTOP-54CGIQF6" failures="0" tests="1" name="listenersTestng.TestClass" time="0.014" errors="0" timestamp="2023-08-17T11:58:43 GMT-07:00" skipped="0">
  <testcase classname="listenersTestng.TestClass" name="testMethod1" time="0.014"/>
</testsuite> <!-- listenersTestng.TestClass -->
