<?xml version="1.0" encoding="UTF-8"?>
<!-- Generated by org.testng.reporters.JUnitReportReporter -->
<testsuite hostname="LAPTOP-54CGIQF6" failures="0" tests="2" name="myOwnPackage.TestNg1" time="0.013" errors="0" timestamp="2023-08-21T00:21:34 GMT-07:00" skipped="0">
  <testcase classname="myOwnPackage.TestNg1" name="m3" time="0.003"/>
  <testcase classname="myOwnPackage.TestNg1" name="m1" time="0.010"/>
</testsuite> <!-- myOwnPackage.TestNg1 -->
