<?xml version="1.0" encoding="UTF-8"?>
<!-- Generated by org.testng.reporters.JUnitReportReporter -->
<testsuite hostname="LAPTOP-54CGIQF6" failures="0" tests="1" name="vtigerFinalScripts.CreateLeadTest" time="33.386" errors="0" timestamp="2023-08-27T10:42:52 GMT-07:00" skipped="0">
  <testcase classname="vtigerFinalScripts.CreateLeadTest" name="createLeadTest" time="33.386"/>
</testsuite> <!-- vtigerFinalScripts.CreateLeadTest -->
