<?xml version="1.0" encoding="UTF-8"?>
<!-- Generated by org.testng.reporters.JUnitReportReporter -->
<testsuite hostname="LAPTOP-54CGIQF6" failures="0" tests="1" name="vtigerFinalScripts.CreateOrgWithTypeAndIndustryTest" time="31.927" errors="0" timestamp="2023-08-27T10:43:41 GMT-07:00" skipped="0">
  <testcase classname="vtigerFinalScripts.CreateOrgWithTypeAndIndustryTest" name="createOrgWithindustryAndTypeTest" time="31.927"/>
</testsuite> <!-- vtigerFinalScripts.CreateOrgWithTypeAndIndustryTest -->
