<?xml version="1.0" encoding="UTF-8"?>
<!-- Generated by org.testng.reporters.JUnitReportReporter -->
<testsuite hostname="LAPTOP-54CGIQF6" failures="0" tests="1" name="testng.EnabledFalseTest" time="0.011" errors="0" timestamp="2023-08-21T03:12:23 GMT-07:00" skipped="0">
  <testcase classname="testng.EnabledFalseTest" name="test2" time="0.011"/>
</testsuite> <!-- testng.EnabledFalseTest -->
