<?xml version="1.0" encoding="UTF-8"?>
<!-- Generated by org.testng.reporters.JUnitReportReporter -->
<testsuite hostname="LAPTOP-54CGIQF6" failures="0" tests="2" name="testng.DependsOnMethodsTest" time="30.015" errors="0" timestamp="2023-08-21T05:59:30 GMT-07:00" skipped="0">
  <testcase classname="testng.DependsOnMethodsTest" name="navigateToActitime" time="14.156"/>
  <testcase classname="testng.DependsOnMethodsTest" name="loginToActitime" time="15.859"/>
</testsuite> <!-- testng.DependsOnMethodsTest -->
