<?xml version="1.0" encoding="UTF-8"?>
<!-- Generated by org.testng.reporters.JUnitReportReporter -->
<testsuite hostname="LAPTOP-54CGIQF6" failures="0" tests="1" name="vtigerFinalScripts.CreateContactTest" time="24.897" errors="0" timestamp="2023-08-23T20:46:38 GMT-07:00" skipped="0">
  <testcase classname="vtigerFinalScripts.CreateContactTest" name="createContactTest" time="24.897"/>
</testsuite> <!-- vtigerFinalScripts.CreateContactTest -->
