<?xml version="1.0" encoding="UTF-8"?>
<!-- Generated by org.testng.reporters.JUnitReportReporter -->
<testsuite hostname="LAPTOP-54CGIQF6" failures="0" tests="1" name="vtigerFinalScripts.CreateAndDuplicateLeadTest" time="29.247" errors="0" timestamp="2023-08-27T07:44:13 GMT-07:00" skipped="0">
  <testcase classname="vtigerFinalScripts.CreateAndDuplicateLeadTest" name="createLeadTest" time="29.247"/>
</testsuite> <!-- vtigerFinalScripts.CreateAndDuplicateLeadTest -->
