<?xml version="1.0" encoding="UTF-8"?>
<!-- Generated by org.testng.reporters.JUnitReportReporter -->
<testsuite hostname="LAPTOP-54CGIQF6" failures="0" tests="1" name="seleniumGrid.PracticeTest" time="24.903" errors="0" timestamp="2023-08-14T21:20:59 GMT-07:00" skipped="0">
  <testcase classname="seleniumGrid.PracticeTest" name="googletest" time="24.903"/>
</testsuite> <!-- seleniumGrid.PracticeTest -->
