<?xml version="1.0" encoding="UTF-8"?>
<!-- Generated by org.testng.reporters.JUnitReportReporter -->
<testsuite hostname="LAPTOP-54CGIQF6" failures="0" tests="2" name="dataproviders.ActitimeLoginTest" time="129.328" errors="0" timestamp="2023-08-07T21:27:20 GMT-07:00" skipped="0">
  <testcase classname="dataproviders.ActitimeLoginTest" name="actitimeLogin" time="78.918"/>
  <testcase classname="dataproviders.ActitimeLoginTest" name="actitimeLogin" time="50.410"/>
</testsuite> <!-- dataproviders.ActitimeLoginTest -->
