<?xml version="1.0" encoding="UTF-8"?>
<!-- Generated by org.testng.reporters.JUnitReportReporter -->
<testsuite hostname="LAPTOP-54CGIQF6" failures="0" tests="1" name="assertions.WhyNotIfelse" time="0.009" errors="0" timestamp="2023-08-20T07:43:35 GMT-07:00" skipped="0">
  <testcase classname="assertions.WhyNotIfelse" name="demo" time="0.009"/>
</testsuite> <!-- assertions.WhyNotIfelse -->
