<?xml version="1.0" encoding="UTF-8"?>
<!-- Generated by org.testng.reporters.JUnitReportReporter -->
<testsuite hostname="LAPTOP-54CGIQF6" failures="0" tests="1" name="vtigerFinalScripts.CreateContactTest" time="90.448" errors="0" timestamp="2023-08-27T07:43:32 GMT-07:00" skipped="0">
  <testcase classname="vtigerFinalScripts.CreateContactTest" name="createContactTest" time="90.448"/>
</testsuite> <!-- vtigerFinalScripts.CreateContactTest -->
