<?xml version="1.0" encoding="UTF-8"?>
<!-- Generated by org.testng.reporters.JUnitReportReporter -->
<testsuite hostname="LAPTOP-54CGIQF6" failures="0" tests="1" name="vtigerFinalScripts.CreateOrgWithTypeAndIndustryTest" time="13.841" errors="0" timestamp="2023-08-22T22:14:28 GMT-07:00" skipped="0">
  <testcase classname="vtigerFinalScripts.CreateOrgWithTypeAndIndustryTest" name="createOrgWithindustryAndTypeTest" time="13.841"/>
</testsuite> <!-- vtigerFinalScripts.CreateOrgWithTypeAndIndustryTest -->
