<?xml version="1.0" encoding="UTF-8"?>
<!-- Generated by org.testng.reporters.JUnitReportReporter -->
<testsuite hostname="LAPTOP-54CGIQF6" failures="0" tests="4" name="testng.ProritisingTests" time="0.035" errors="0" timestamp="2023-08-06T21:28:54 GMT-07:00" skipped="0">
  <testcase classname="testng.ProritisingTests" name="test4" time="0.011">
    <system-out>
      <![CDATA[test4]]>
    </system-out>
  </testcase> <!-- test4 -->
  <testcase classname="testng.ProritisingTests" name="test2" time="0.007">
    <system-out>
      <![CDATA[test2]]>
    </system-out>
  </testcase> <!-- test2 -->
  <testcase classname="testng.ProritisingTests" name="test1" time="0.008">
    <system-out>
      <![CDATA[test1]]>
    </system-out>
  </testcase> <!-- test1 -->
  <testcase classname="testng.ProritisingTests" name="test3" time="0.009">
    <system-out>
      <![CDATA[test3]]>
    </system-out>
  </testcase> <!-- test3 -->
  <system-out>
    <![CDATA[test4
test2
test1
test3]]>
  </system-out>
</testsuite> <!-- testng.ProritisingTests -->
