<?xml version="1.0" encoding="UTF-8"?>
<!-- Generated by org.testng.reporters.JUnitReportReporter -->
<testsuite hostname="LAPTOP-54CGIQF6" failures="0" tests="2" name="batchExecution.Test4" time="0.024" errors="0" timestamp="2023-08-11T10:34:46 GMT-07:00" skipped="0">
  <testcase classname="batchExecution.Test4" name="demo1" time="0.007"/>
  <testcase classname="batchExecution.Test4" name="demo2" time="0.017"/>
</testsuite> <!-- batchExecution.Test4 -->
