<?xml version="1.0" encoding="UTF-8"?>
<!-- Generated by org.testng.reporters.JUnitReportReporter -->
<testsuite hostname="LAPTOP-54CGIQF6" failures="0" tests="1" name="testng.sampleTest" time="0.013" errors="0" timestamp="2023-08-21T00:09:52 GMT-07:00" skipped="0">
  <testcase classname="testng.sampleTest" name="demo" time="0.013">
    <system-out>
      <![CDATA[hello world]]>
    </system-out>
  </testcase> <!-- demo -->
  <system-out>
    <![CDATA[hello world]]>
  </system-out>
</testsuite> <!-- testng.sampleTest -->
