<?xml version="1.0" encoding="UTF-8"?>
<!-- Generated by org.testng.reporters.JUnitReportReporter -->
<testsuite hostname="LAPTOP-54CGIQF6" failures="0" tests="5" name="testng.InvocationCountTest" time="0.018" errors="0" timestamp="2023-08-21T00:13:45 GMT-07:00" skipped="0">
  <testcase classname="testng.InvocationCountTest" name="demo1" time="0.002">
    <system-out>
      <![CDATA[demo1]]>
    </system-out>
  </testcase> <!-- demo1 -->
  <testcase classname="testng.InvocationCountTest" name="demo1" time="0.010">
    <system-out>
      <![CDATA[demo1]]>
    </system-out>
  </testcase> <!-- demo1 -->
  <testcase classname="testng.InvocationCountTest" name="demo1" time="0.002">
    <system-out>
      <![CDATA[demo1]]>
    </system-out>
  </testcase> <!-- demo1 -->
  <testcase classname="testng.InvocationCountTest" name="demo1" time="0.003">
    <system-out>
      <![CDATA[demo1]]>
    </system-out>
  </testcase> <!-- demo1 -->
  <testcase classname="testng.InvocationCountTest" name="demo1" time="0.001">
    <system-out>
      <![CDATA[demo1]]>
    </system-out>
  </testcase> <!-- demo1 -->
  <system-out>
    <![CDATA[demo1
demo1
demo1
demo1
demo1]]>
  </system-out>
</testsuite> <!-- testng.InvocationCountTest -->
