<?xml version="1.0" encoding="UTF-8"?>
<!-- Generated by org.testng.reporters.JUnitReportReporter -->
<testsuite hostname="LAPTOP-54CGIQF6" failures="0" tests="1" name="crossBrowserExecution.Xmlparameterization" time="9.879" errors="0" timestamp="2023-08-13T21:57:27 GMT-07:00" skipped="0">
  <testcase classname="crossBrowserExecution.Xmlparameterization" name="vtigerLoginTest" time="9.879"/>
</testsuite> <!-- crossBrowserExecution.Xmlparameterization -->
